<?xml version="1.0" encoding="UTF-8"?>
<testng-results skipped="0" failed="0" ignored="0" total="1" passed="1">
  <reporter-output>
  </reporter-output>
  <suite name="Suite" duration-ms="45053" started-at="2017-04-17T15:17:50Z" finished-at="2017-04-17T15:18:35Z">
    <groups>
    </groups>
    <test name="Test" duration-ms="45053" started-at="2017-04-17T15:17:50Z" finished-at="2017-04-17T15:18:35Z">
      <class name="testScripts.HomePage">
        <test-method status="PASS" signature="setUp()[pri:0, instance:testScripts.HomePage@3ac3fd8b]" name="setUp" is-config="true" duration-ms="13894" started-at="2017-04-17T20:47:50Z" finished-at="2017-04-17T20:48:04Z">
          <reporter-output>
          </reporter-output>
        </test-method> <!-- setUp -->
        <test-method status="PASS" signature="login()[pri:0, instance:testScripts.HomePage@3ac3fd8b]" name="login" duration-ms="29941" started-at="2017-04-17T20:48:04Z" finished-at="2017-04-17T20:48:34Z">
          <reporter-output>
          </reporter-output>
        </test-method> <!-- login -->
        <test-method status="PASS" signature="tearDown()[pri:0, instance:testScripts.HomePage@3ac3fd8b]" name="tearDown" is-config="true" duration-ms="1197" started-at="2017-04-17T20:48:34Z" finished-at="2017-04-17T20:48:35Z">
          <reporter-output>
          </reporter-output>
        </test-method> <!-- tearDown -->
      </class> <!-- testScripts.HomePage -->
    </test> <!-- Test -->
  </suite> <!-- Suite -->
</testng-results>
